TN:
SF:controllers/authController.js
FN:7,(anonymous_0)
FN:45,(anonymous_1)
FN:74,(anonymous_2)
FN:117,(anonymous_3)
FN:150,(anonymous_4)
FNF:5
FNH:0
FNDA:0,(anonymous_0)
FNDA:0,(anonymous_1)
FNDA:0,(anonymous_2)
FNDA:0,(anonymous_3)
FNDA:0,(anonymous_4)
DA:1,0
DA:2,0
DA:3,0
DA:4,0
DA:5,0
DA:7,0
DA:8,0
DA:9,0
DA:12,0
DA:14,0
DA:15,0
DA:22,0
DA:27,0
DA:28,0
DA:35,0
DA:41,0
DA:45,0
DA:46,0
DA:47,0
DA:50,0
DA:52,0
DA:53,0
DA:60,0
DA:63,0
DA:65,0
DA:70,0
DA:74,0
DA:75,0
DA:76,0
DA:79,0
DA:86,0
DA:87,0
DA:95,0
DA:105,0
DA:108,0
DA:109,0
DA:111,0
DA:113,0
DA:117,0
DA:118,0
DA:119,0
DA:122,0
DA:123,0
DA:124,0
DA:132,0
DA:133,0
DA:138,0
DA:140,0
DA:146,0
DA:150,0
DA:151,0
DA:152,0
DA:155,0
DA:160,0
DA:161,0
DA:169,0
DA:175,0
DA:176,0
DA:184,0
DA:185,0
DA:188,0
DA:190,0
DA:194,0
DA:198,0
LF:64
LH:0
BRDA:14,0,0,0
BRDA:14,0,1,0
BRDA:27,1,0,0
BRDA:27,1,1,0
BRDA:52,2,0,0
BRDA:52,2,1,0
BRDA:52,3,0,0
BRDA:52,3,1,0
BRDA:86,4,0,0
BRDA:86,4,1,0
BRDA:123,5,0,0
BRDA:123,5,1,0
BRDA:160,6,0,0
BRDA:160,6,1,0
BRDA:175,7,0,0
BRDA:175,7,1,0
BRF:16
BRH:0
end_of_record
TN:
SF:controllers/customerController.js
FN:7,(anonymous_0)
FN:16,(anonymous_1)
FN:89,(anonymous_2)
FN:106,(anonymous_3)
FN:213,(anonymous_4)
FN:230,(anonymous_5)
FN:250,(anonymous_6)
FN:307,(anonymous_7)
FN:323,(anonymous_8)
FN:349,(anonymous_9)
FN:387,(anonymous_10)
FN:406,(anonymous_11)
FN:409,(anonymous_12)
FN:463,(anonymous_13)
FN:510,(anonymous_14)
FNF:15
FNH:0
FNDA:0,(anonymous_0)
FNDA:0,(anonymous_1)
FNDA:0,(anonymous_2)
FNDA:0,(anonymous_3)
FNDA:0,(anonymous_4)
FNDA:0,(anonymous_5)
FNDA:0,(anonymous_6)
FNDA:0,(anonymous_7)
FNDA:0,(anonymous_8)
FNDA:0,(anonymous_9)
FNDA:0,(anonymous_10)
FNDA:0,(anonymous_11)
FNDA:0,(anonymous_12)
FNDA:0,(anonymous_13)
FNDA:0,(anonymous_14)
DA:1,0
DA:2,0
DA:3,0
DA:4,0
DA:5,0
DA:7,0
DA:8,0
DA:9,0
DA:10,0
DA:12,0
DA:16,0
DA:17,0
DA:18,0
DA:21,0
DA:22,0
DA:23,0
DA:40,0
DA:41,0
DA:42,0
DA:43,0
DA:61,0
DA:68,0
DA:69,0
DA:72,0
DA:73,0
DA:74,0
DA:76,0
DA:88,0
DA:89,0
DA:94,0
DA:102,0
DA:106,0
DA:107,0
DA:108,0
DA:109,0
DA:112,0
DA:113,0
DA:114,0
DA:122,0
DA:123,0
DA:128,0
DA:129,0
DA:147,0
DA:149,0
DA:154,0
DA:155,0
DA:173,0
DA:176,0
DA:177,0
DA:178,0
DA:181,0
DA:182,0
DA:183,0
DA:184,0
DA:187,0
DA:193,0
DA:196,0
DA:197,0
DA:198,0
DA:200,0
DA:212,0
DA:213,0
DA:218,0
DA:226,0
DA:230,0
DA:231,0
DA:232,0
DA:234,0
DA:235,0
DA:236,0
DA:243,0
DA:244,0
DA:246,0
DA:250,0
DA:251,0
DA:253,0
DA:254,0
DA:257,0
DA:258,0
DA:261,0
DA:262,0
DA:269,0
DA:270,0
DA:278,0
DA:279,0
DA:280,0
DA:288,0
DA:289,0
DA:290,0
DA:294,0
DA:295,0
DA:298,0
DA:305,0
DA:307,0
DA:318,0
DA:323,0
DA:324,0
DA:327,0
DA:328,0
DA:331,0
DA:332,0
DA:335,0
DA:336,0
DA:339,0
DA:340,0
DA:341,0
DA:345,0
DA:349,0
DA:350,0
DA:351,0
DA:352,0
DA:355,0
DA:356,0
DA:357,0
DA:369,0
DA:370,0
DA:371,0
DA:372,0
DA:384,0
DA:387,0
DA:388,0
DA:389,0
DA:390,0
DA:397,0
DA:398,0
DA:399,0
DA:400,0
DA:403,0
DA:406,0
DA:407,0
DA:410,0
DA:417,0
DA:418,0
DA:420,0
DA:422,0
DA:423,0
DA:424,0
DA:429,0
DA:433,0
DA:434,0
DA:435,0
DA:440,0
DA:444,0
DA:452,0
DA:453,0
DA:455,0
DA:462,0
DA:463,0
DA:468,0
DA:477,0
DA:494,0
DA:495,0
DA:505,0
DA:511,0
DA:512,0
DA:514,0
DA:519,0
LF:157
LH:0
BRDA:22,0,0,0
BRDA:22,0,1,0
BRDA:40,1,0,0
BRDA:40,1,1,0
BRDA:40,2,0,0
BRDA:40,2,1,0
BRDA:42,3,0,0
BRDA:42,3,1,0
BRDA:65,4,0,0
BRDA:65,4,1,0
BRDA:65,5,0,0
BRDA:65,5,1,0
BRDA:72,6,0,0
BRDA:72,6,1,0
BRDA:74,7,0,0
BRDA:74,7,1,0
BRDA:88,8,0,0
BRDA:88,8,1,0
BRDA:113,9,0,0
BRDA:113,9,1,0
BRDA:122,10,0,0
BRDA:122,10,1,0
BRDA:122,11,0,0
BRDA:122,11,1,0
BRDA:128,12,0,0
BRDA:128,12,1,0
BRDA:147,13,0,0
BRDA:147,13,1,0
BRDA:147,14,0,0
BRDA:147,14,1,0
BRDA:147,14,2,0
BRDA:154,15,0,0
BRDA:154,15,1,0
BRDA:176,16,0,0
BRDA:176,16,1,0
BRDA:177,17,0,0
BRDA:177,17,1,0
BRDA:178,18,0,0
BRDA:178,18,1,0
BRDA:181,19,0,0
BRDA:181,19,1,0
BRDA:181,20,0,0
BRDA:181,20,1,0
BRDA:183,21,0,0
BRDA:183,21,1,0
BRDA:196,22,0,0
BRDA:196,22,1,0
BRDA:198,23,0,0
BRDA:198,23,1,0
BRDA:212,24,0,0
BRDA:212,24,1,0
BRDA:235,25,0,0
BRDA:235,25,1,0
BRDA:254,26,0,0
BRDA:254,27,0,0
BRDA:261,28,0,0
BRDA:261,28,1,0
BRDA:261,29,0,0
BRDA:261,29,1,0
BRDA:269,30,0,0
BRDA:269,30,1,0
BRDA:279,31,0,0
BRDA:279,31,1,0
BRDA:289,32,0,0
BRDA:289,32,1,0
BRDA:327,33,0,0
BRDA:327,33,1,0
BRDA:327,34,0,0
BRDA:327,34,1,0
BRDA:331,35,0,0
BRDA:331,35,1,0
BRDA:331,36,0,0
BRDA:331,36,1,0
BRDA:335,37,0,0
BRDA:335,37,1,0
BRDA:335,38,0,0
BRDA:335,38,1,0
BRDA:340,39,0,0
BRDA:340,39,1,0
BRDA:352,40,0,0
BRDA:352,40,1,0
BRDA:356,41,0,0
BRDA:356,41,1,0
BRDA:369,42,0,0
BRDA:369,42,1,0
BRDA:371,43,0,0
BRDA:371,43,1,0
BRDA:389,44,0,0
BRDA:389,44,1,0
BRDA:423,45,0,0
BRDA:423,45,1,0
BRDA:434,46,0,0
BRDA:434,46,1,0
BRDA:448,47,0,0
BRDA:448,47,1,0
BRDA:448,48,0,0
BRDA:448,48,1,0
BRDA:462,49,0,0
BRDA:462,49,1,0
BRDA:466,50,0,0
BRDA:466,50,1,0
BRDA:511,51,0,0
BRDA:511,51,1,0
BRDA:511,52,0,0
BRDA:511,52,1,0
BRF:105
BRH:0
end_of_record
TN:
SF:controllers/inventoryDropController.js
FN:10,(anonymous_0)
FN:132,(anonymous_1)
FN:223,(anonymous_2)
FN:293,(anonymous_3)
FN:318,(anonymous_4)
FN:346,(anonymous_5)
FN:381,(anonymous_6)
FNF:7
FNH:0
FNDA:0,(anonymous_0)
FNDA:0,(anonymous_1)
FNDA:0,(anonymous_2)
FNDA:0,(anonymous_3)
FNDA:0,(anonymous_4)
FNDA:0,(anonymous_5)
FNDA:0,(anonymous_6)
DA:1,0
DA:2,0
DA:3,0
DA:4,0
DA:10,0
DA:11,0
DA:12,0
DA:13,0
DA:21,0
DA:22,0
DA:24,0
DA:25,0
DA:26,0
DA:29,0
DA:30,0
DA:31,0
DA:32,0
DA:40,0
DA:41,0
DA:42,0
DA:49,0
DA:50,0
DA:51,0
DA:59,0
DA:60,0
DA:61,0
DA:64,0
DA:81,0
DA:84,0
DA:85,0
DA:87,0
DA:90,0
DA:93,0
DA:98,0
DA:116,0
DA:117,0
DA:118,0
DA:124,0
DA:132,0
DA:133,0
DA:134,0
DA:136,0
DA:137,0
DA:138,0
DA:139,0
DA:142,0
DA:143,0
DA:144,0
DA:145,0
DA:153,0
DA:154,0
DA:155,0
DA:165,0
DA:166,0
DA:167,0
DA:168,0
DA:176,0
DA:177,0
DA:178,0
DA:180,0
DA:183,0
DA:186,0
DA:189,0
DA:195,0
DA:208,0
DA:209,0
DA:210,0
DA:216,0
DA:223,0
DA:224,0
DA:234,0
DA:236,0
DA:237,0
DA:238,0
DA:241,0
DA:243,0
DA:244,0
DA:245,0
DA:246,0
DA:249,0
DA:250,0
DA:251,0
DA:252,0
DA:256,0
DA:267,0
DA:269,0
DA:281,0
DA:282,0
DA:293,0
DA:294,0
DA:295,0
DA:297,0
DA:299,0
DA:306,0
DA:307,0
DA:318,0
DA:319,0
DA:326,0
DA:328,0
DA:329,0
DA:332,0
DA:339,0
DA:342,0
DA:343,0
DA:344,0
DA:346,0
DA:347,0
DA:348,0
DA:349,0
DA:352,0
DA:369,0
DA:370,0
DA:381,0
DA:382,0
DA:383,0
DA:385,0
DA:390,0
DA:391,0
DA:398,0
DA:405,0
DA:406,0
DA:414,0
LF:122
LH:0
BRDA:12,0,0,0
BRDA:12,0,1,0
BRDA:30,1,0,0
BRDA:30,1,1,0
BRDA:40,2,0,0
BRDA:40,2,1,0
BRDA:49,3,0,0
BRDA:49,3,1,0
BRDA:72,4,0,0
BRDA:72,4,1,0
BRDA:143,5,0,0
BRDA:143,5,1,0
BRDA:153,6,0,0
BRDA:153,6,1,0
BRDA:157,7,0,0
BRDA:157,7,1,0
BRDA:166,8,0,0
BRDA:166,8,1,0
BRDA:226,9,0,0
BRDA:227,10,0,0
BRDA:233,11,0,0
BRDA:243,12,0,0
BRDA:243,12,1,0
BRDA:244,13,0,0
BRDA:244,13,1,0
BRDA:245,14,0,0
BRDA:245,14,1,0
BRDA:246,15,0,0
BRDA:246,15,1,0
BRDA:249,16,0,0
BRDA:249,16,1,0
BRDA:249,17,0,0
BRDA:249,17,1,0
BRDA:251,18,0,0
BRDA:251,18,1,0
BRDA:252,19,0,0
BRDA:252,19,1,0
BRDA:321,20,0,0
BRDA:322,21,0,0
BRDA:362,22,0,0
BRDA:362,22,1,0
BRDA:390,23,0,0
BRDA:390,23,1,0
BRF:43
BRH:0
end_of_record
TN:
SF:controllers/productController.js
FN:3,(anonymous_0)
FN:12,(anonymous_1)
FN:30,(anonymous_2)
FN:55,(anonymous_3)
FNF:4
FNH:0
FNDA:0,(anonymous_0)
FNDA:0,(anonymous_1)
FNDA:0,(anonymous_2)
FNDA:0,(anonymous_3)
DA:1,0
DA:3,0
DA:4,0
DA:5,0
DA:6,0
DA:8,0
DA:12,0
DA:13,0
DA:14,0
DA:16,0
DA:23,0
DA:24,0
DA:26,0
DA:30,0
DA:31,0
DA:32,0
DA:33,0
DA:35,0
DA:41,0
DA:42,0
DA:49,0
DA:51,0
DA:55,0
DA:56,0
DA:57,0
DA:59,0
DA:60,0
DA:61,0
DA:68,0
DA:69,0
DA:71,0
DA:75,0
LF:32
LH:0
BRDA:41,0,0,0
BRDA:41,0,1,0
BRDA:60,1,0,0
BRDA:60,1,1,0
BRF:4
BRH:0
end_of_record
TN:
SF:controllers/reportingController.js
FN:13,(anonymous_0)
FN:203,(anonymous_1)
FN:204,(anonymous_2)
FN:218,(anonymous_3)
FN:308,(anonymous_4)
FN:351,(anonymous_5)
FN:387,(anonymous_6)
FN:442,(anonymous_7)
FNF:8
FNH:0
FNDA:0,(anonymous_0)
FNDA:0,(anonymous_1)
FNDA:0,(anonymous_2)
FNDA:0,(anonymous_3)
FNDA:0,(anonymous_4)
FNDA:0,(anonymous_5)
FNDA:0,(anonymous_6)
FNDA:0,(anonymous_7)
DA:1,0
DA:2,0
DA:3,0
DA:4,0
DA:5,0
DA:6,0
DA:7,0
DA:13,0
DA:14,0
DA:20,0
DA:23,0
DA:24,0
DA:25,0
DA:27,0
DA:28,0
DA:29,0
DA:30,0
DA:36,0
DA:37,0
DA:45,0
DA:46,0
DA:47,0
DA:48,0
DA:54,0
DA:55,0
DA:63,0
DA:64,0
DA:75,0
DA:181,0
DA:203,0
DA:204,0
DA:208,0
DA:210,0
DA:218,0
DA:219,0
DA:228,0
DA:231,0
DA:234,0
DA:235,0
DA:237,0
DA:238,0
DA:239,0
DA:240,0
DA:246,0
DA:247,0
DA:250,0
DA:251,0
DA:252,0
DA:253,0
DA:259,0
DA:260,0
DA:263,0
DA:267,0
DA:268,0
DA:269,0
DA:272,0
DA:273,0
DA:276,0
DA:277,0
DA:280,0
DA:281,0
DA:282,0
DA:283,0
DA:284,0
DA:285,0
DA:287,0
DA:294,0
DA:295,0
DA:296,0
DA:308,0
DA:309,0
DA:310,0
DA:312,0
DA:313,0
DA:319,0
DA:321,0
DA:322,0
DA:341,0
DA:343,0
DA:344,0
DA:351,0
DA:352,0
DA:353,0
DA:355,0
DA:356,0
DA:361,0
DA:362,0
DA:377,0
DA:379,0
DA:380,0
DA:387,0
DA:388,0
DA:389,0
DA:391,0
DA:392,0
DA:418,0
DA:419,0
DA:432,0
DA:434,0
DA:435,0
DA:442,0
DA:443,0
DA:445,0
DA:452,0
DA:458,0
DA:463,0
DA:468,0
DA:470,0
DA:478,0
LF:109
LH:0
BRDA:18,0,0,0
BRDA:19,1,0,0
BRDA:24,2,0,0
BRDA:24,2,1,0
BRDA:24,3,0,0
BRDA:24,3,1,0
BRDA:27,4,0,0
BRDA:27,4,1,0
BRDA:29,5,0,0
BRDA:29,5,1,0
BRDA:45,6,0,0
BRDA:45,6,1,0
BRDA:47,7,0,0
BRDA:47,7,1,0
BRDA:63,8,0,0
BRDA:63,8,1,0
BRDA:64,9,0,0
BRDA:64,9,1,0
BRDA:183,10,0,0
BRDA:183,10,1,0
BRDA:184,11,0,0
BRDA:184,11,1,0
BRDA:188,12,0,0
BRDA:188,12,1,0
BRDA:197,13,0,0
BRDA:197,13,1,0
BRDA:203,14,0,0
BRDA:203,14,1,0
BRDA:204,15,0,0
BRDA:204,15,1,0
BRDA:223,16,0,0
BRDA:224,17,0,0
BRDA:234,18,0,0
BRDA:234,18,1,0
BRDA:234,19,0,0
BRDA:234,19,1,0
BRDA:237,20,0,0
BRDA:237,20,1,0
BRDA:239,21,0,0
BRDA:239,21,1,0
BRDA:250,22,0,0
BRDA:250,22,1,0
BRDA:252,23,0,0
BRDA:252,23,1,0
BRDA:267,24,0,0
BRDA:267,24,1,0
BRDA:268,25,0,0
BRDA:268,25,1,0
BRDA:269,26,0,0
BRDA:269,26,1,0
BRDA:280,27,0,0
BRDA:280,27,1,0
BRDA:282,28,0,0
BRDA:282,28,1,0
BRDA:284,29,0,0
BRDA:284,29,1,0
BRDA:295,30,0,0
BRDA:295,30,1,0
BRDA:326,31,0,0
BRDA:326,31,1,0
BRDA:327,32,0,0
BRDA:327,32,1,0
BRDA:328,33,0,0
BRDA:328,33,1,0
BRDA:329,34,0,0
BRDA:329,34,1,0
BRDA:336,35,0,0
BRDA:336,35,1,0
BRDA:366,36,0,0
BRDA:366,36,1,0
BRDA:367,37,0,0
BRDA:367,37,1,0
BRDA:368,38,0,0
BRDA:368,38,1,0
BRDA:373,39,0,0
BRDA:373,39,1,0
BRDA:443,40,0,0
BRDA:443,40,1,0
BRDA:443,40,2,0
BRDA:443,40,3,0
BRDA:443,40,4,0
BRDA:443,40,5,0
BRF:82
BRH:0
end_of_record
TN:
SF:controllers/saleController.js
FN:9,(anonymous_0)
FN:117,(anonymous_1)
FN:121,(anonymous_2)
FN:155,(anonymous_3)
FN:159,(anonymous_4)
FN:229,(anonymous_5)
FN:248,(anonymous_6)
FN:273,(anonymous_7)
FN:283,(anonymous_8)
FN:308,(anonymous_9)
FN:319,(anonymous_10)
FN:326,(anonymous_11)
FN:360,(anonymous_12)
FN:391,(anonymous_13)
FN:415,(anonymous_14)
FN:418,(anonymous_15)
FN:628,(anonymous_16)
FNF:17
FNH:0
FNDA:0,(anonymous_0)
FNDA:0,(anonymous_1)
FNDA:0,(anonymous_2)
FNDA:0,(anonymous_3)
FNDA:0,(anonymous_4)
FNDA:0,(anonymous_5)
FNDA:0,(anonymous_6)
FNDA:0,(anonymous_7)
FNDA:0,(anonymous_8)
FNDA:0,(anonymous_9)
FNDA:0,(anonymous_10)
FNDA:0,(anonymous_11)
FNDA:0,(anonymous_12)
FNDA:0,(anonymous_13)
FNDA:0,(anonymous_14)
FNDA:0,(anonymous_15)
FNDA:0,(anonymous_16)
DA:1,0
DA:2,0
DA:3,0
DA:4,0
DA:5,0
DA:6,0
DA:7,0
DA:9,0
DA:10,0
DA:21,0
DA:23,0
DA:26,0
DA:27,0
DA:28,0
DA:31,0
DA:32,0
DA:34,0
DA:35,0
DA:36,0
DA:37,0
DA:44,0
DA:45,0
DA:48,0
DA:49,0
DA:50,0
DA:51,0
DA:58,0
DA:59,0
DA:63,0
DA:64,0
DA:71,0
DA:75,0
DA:76,0
DA:78,0
DA:79,0
DA:86,0
DA:87,0
DA:95,0
DA:96,0
DA:97,0
DA:99,0
DA:103,0
DA:104,0
DA:107,0
DA:116,0
DA:118,0
DA:120,0
DA:121,0
DA:122,0
DA:123,0
DA:125,0
DA:128,0
DA:151,0
DA:155,0
DA:156,0
DA:158,0
DA:159,0
DA:160,0
DA:163,0
DA:164,0
DA:165,0
DA:169,0
DA:170,0
DA:172,0
DA:173,0
DA:174,0
DA:175,0
DA:178,0
DA:179,0
DA:183,0
DA:184,0
DA:186,0
DA:193,0
DA:194,0
DA:198,0
DA:207,0
DA:210,0
DA:211,0
DA:213,0
DA:216,0
DA:217,0
DA:223,0
DA:225,0
DA:229,0
DA:230,0
DA:231,0
DA:233,0
DA:234,0
DA:235,0
DA:242,0
DA:244,0
DA:248,0
DA:249,0
DA:250,0
DA:251,0
DA:253,0
DA:254,0
DA:255,0
DA:262,0
DA:263,0
DA:265,0
DA:266,0
DA:268,0
DA:273,0
DA:275,0
DA:276,0
DA:277,0
DA:279,0
DA:283,0
DA:284,0
DA:287,0
DA:288,0
DA:292,0
DA:295,0
DA:296,0
DA:299,0
DA:301,0
DA:304,0
DA:308,0
DA:309,0
DA:311,0
DA:312,0
DA:314,0
DA:319,0
DA:320,0
DA:326,0
DA:327,0
DA:330,0
DA:343,0
DA:344,0
DA:345,0
DA:350,0
DA:351,0
DA:352,0
DA:353,0
DA:356,0
DA:360,0
DA:361,0
DA:362,0
DA:365,0
DA:366,0
DA:367,0
DA:368,0
DA:373,0
DA:374,0
DA:375,0
DA:376,0
DA:381,0
DA:382,0
DA:383,0
DA:384,0
DA:388,0
DA:391,0
DA:392,0
DA:393,0
DA:394,0
DA:401,0
DA:402,0
DA:403,0
DA:404,0
DA:405,0
DA:408,0
DA:409,0
DA:412,0
DA:415,0
DA:416,0
DA:419,0
DA:426,0
DA:427,0
DA:428,0
DA:430,0
DA:431,0
DA:433,0
DA:435,0
DA:436,0
DA:438,0
DA:439,0
DA:445,0
DA:450,0
DA:451,0
DA:453,0
DA:459,0
DA:463,0
DA:464,0
DA:465,0
DA:471,0
DA:475,0
DA:480,0
DA:481,0
DA:494,0
DA:498,0
DA:499,0
DA:500,0
DA:506,0
DA:510,0
DA:511,0
DA:512,0
DA:517,0
DA:518,0
DA:524,0
DA:528,0
DA:554,0
DA:555,0
DA:558,0
DA:559,0
DA:560,0
DA:564,0
DA:565,0
DA:567,0
DA:577,0
DA:578,0
DA:580,0
DA:581,0
DA:586,0
DA:587,0
DA:598,0
DA:617,0
DA:618,0
DA:623,0
DA:629,0
DA:630,0
DA:632,0
DA:637,0
LF:223
LH:0
BRDA:17,0,0,0
BRDA:18,1,0,0
BRDA:19,2,0,0
BRDA:20,3,0,0
BRDA:26,4,0,0
BRDA:26,4,1,0
BRDA:27,5,0,0
BRDA:27,5,1,0
BRDA:28,6,0,0
BRDA:28,6,1,0
BRDA:31,7,0,0
BRDA:31,7,1,0
BRDA:31,8,0,0
BRDA:31,8,1,0
BRDA:34,9,0,0
BRDA:34,9,1,0
BRDA:36,10,0,0
BRDA:36,10,1,0
BRDA:48,11,0,0
BRDA:48,11,1,0
BRDA:50,12,0,0
BRDA:50,12,1,0
BRDA:63,13,0,0
BRDA:63,13,1,0
BRDA:78,14,0,0
BRDA:78,14,1,0
BRDA:86,15,0,0
BRDA:86,15,1,0
BRDA:86,16,0,0
BRDA:86,16,1,0
BRDA:96,17,0,0
BRDA:96,17,1,0
BRDA:120,18,0,0
BRDA:120,18,1,0
BRDA:122,19,0,0
BRDA:122,19,1,0
BRDA:122,20,0,0
BRDA:122,20,1,0
BRDA:139,21,0,0
BRDA:139,21,1,0
BRDA:140,22,0,0
BRDA:140,22,1,0
BRDA:141,23,0,0
BRDA:141,23,1,0
BRDA:143,24,0,0
BRDA:143,24,1,0
BRDA:144,25,0,0
BRDA:144,25,1,0
BRDA:164,26,0,0
BRDA:164,26,1,0
BRDA:174,27,0,0
BRDA:174,27,1,0
BRDA:178,28,0,0
BRDA:178,28,1,0
BRDA:216,29,0,0
BRDA:216,29,1,0
BRDA:216,30,0,0
BRDA:216,30,1,0
BRDA:234,31,0,0
BRDA:234,31,1,0
BRDA:254,32,0,0
BRDA:254,32,1,0
BRDA:276,33,0,0
BRDA:276,33,1,0
BRDA:287,34,0,0
BRDA:287,34,1,0
BRDA:295,35,0,0
BRDA:295,35,1,0
BRDA:299,36,0,0
BRDA:299,36,1,0
BRDA:311,37,0,0
BRDA:311,37,1,0
BRDA:344,38,0,0
BRDA:344,38,1,0
BRDA:350,39,0,0
BRDA:350,39,1,0
BRDA:352,40,0,0
BRDA:352,40,1,0
BRDA:367,41,0,0
BRDA:367,41,1,0
BRDA:367,42,0,0
BRDA:367,42,1,0
BRDA:373,43,0,0
BRDA:373,43,1,0
BRDA:375,44,0,0
BRDA:375,44,1,0
BRDA:375,45,0,0
BRDA:375,45,1,0
BRDA:381,46,0,0
BRDA:381,46,1,0
BRDA:381,47,0,0
BRDA:381,47,1,0
BRDA:383,48,0,0
BRDA:383,48,1,0
BRDA:383,49,0,0
BRDA:383,49,1,0
BRDA:393,50,0,0
BRDA:393,50,1,0
BRDA:438,51,0,0
BRDA:438,51,1,0
BRDA:464,52,0,0
BRDA:464,52,1,0
BRDA:480,53,0,0
BRDA:480,53,1,0
BRDA:490,54,0,0
BRDA:490,54,1,0
BRDA:499,55,0,0
BRDA:499,55,1,0
BRDA:512,56,0,0
BRDA:512,56,1,0
BRDA:512,57,0,0
BRDA:512,57,1,0
BRDA:517,58,0,0
BRDA:517,58,1,0
BRDA:544,59,0,0
BRDA:544,59,1,0
BRDA:544,60,0,0
BRDA:544,60,1,0
BRDA:548,61,0,0
BRDA:548,61,1,0
BRDA:548,62,0,0
BRDA:548,62,1,0
BRDA:558,63,0,0
BRDA:558,63,1,0
BRDA:558,64,0,0
BRDA:558,64,1,0
BRDA:577,65,0,0
BRDA:577,65,1,0
BRDA:580,66,0,0
BRDA:580,66,1,0
BRDA:591,67,0,0
BRDA:591,67,1,0
BRDA:629,68,0,0
BRDA:629,68,1,0
BRDA:629,69,0,0
BRDA:629,69,1,0
BRF:136
BRH:0
end_of_record
TN:
SF:controllers/sellerController.js
FN:5,(anonymous_0)
FN:14,(anonymous_1)
FN:53,(anonymous_2)
FN:130,(anonymous_3)
FN:153,(anonymous_4)
FNF:5
FNH:0
FNDA:0,(anonymous_0)
FNDA:0,(anonymous_1)
FNDA:0,(anonymous_2)
FNDA:0,(anonymous_3)
FNDA:0,(anonymous_4)
DA:1,0
DA:2,0
DA:3,0
DA:5,0
DA:6,0
DA:7,0
DA:8,0
DA:10,0
DA:14,0
DA:15,0
DA:16,0
DA:19,0
DA:20,0
DA:21,0
DA:29,0
DA:30,0
DA:31,0
DA:38,0
DA:46,0
DA:47,0
DA:49,0
DA:53,0
DA:54,0
DA:55,0
DA:56,0
DA:59,0
DA:60,0
DA:67,0
DA:68,0
DA:69,0
DA:77,0
DA:79,0
DA:80,0
DA:81,0
DA:88,0
DA:89,0
DA:90,0
DA:98,0
DA:99,0
DA:100,0
DA:103,0
DA:104,0
DA:106,0
DA:107,0
DA:117,0
DA:118,0
DA:119,0
DA:120,0
DA:121,0
DA:123,0
DA:124,0
DA:126,0
DA:130,0
DA:131,0
DA:132,0
DA:133,0
DA:135,0
DA:136,0
DA:137,0
DA:144,0
DA:145,0
DA:147,0
DA:149,0
DA:153,0
DA:154,0
DA:155,0
DA:157,0
DA:158,0
DA:159,0
DA:166,0
DA:167,0
DA:169,0
DA:173,0
LF:73
LH:0
BRDA:20,0,0,0
BRDA:20,0,1,0
BRDA:30,1,0,0
BRDA:30,1,1,0
BRDA:59,2,0,0
BRDA:59,2,1,0
BRDA:68,3,0,0
BRDA:68,3,1,0
BRDA:77,4,0,0
BRDA:77,4,1,0
BRDA:77,4,2,0
BRDA:79,5,0,0
BRDA:79,5,1,0
BRDA:80,6,0,0
BRDA:80,6,1,0
BRDA:89,7,0,0
BRDA:89,7,1,0
BRDA:98,8,0,0
BRDA:98,8,1,0
BRDA:98,9,0,0
BRDA:98,9,1,0
BRDA:99,10,0,0
BRDA:99,10,1,0
BRDA:100,11,0,0
BRDA:100,11,1,0
BRDA:106,12,0,0
BRDA:106,12,1,0
BRDA:106,13,0,0
BRDA:106,13,1,0
BRDA:117,14,0,0
BRDA:117,14,1,0
BRDA:118,15,0,0
BRDA:118,15,1,0
BRDA:119,16,0,0
BRDA:119,16,1,0
BRDA:120,17,0,0
BRDA:120,17,1,0
BRDA:121,18,0,0
BRDA:121,18,1,0
BRDA:136,19,0,0
BRDA:136,19,1,0
BRDA:158,20,0,0
BRDA:158,20,1,0
BRF:43
BRH:0
end_of_record
TN:
SF:controllers/testDataController.js
FN:22,(anonymous_0)
FN:84,(anonymous_1)
FN:86,(anonymous_2)
FN:87,(anonymous_3)
FN:88,(anonymous_4)
FN:114,(anonymous_5)
FN:176,(anonymous_6)
FN:199,(anonymous_7)
FN:264,(anonymous_8)
FN:291,(anonymous_9)
FNF:10
FNH:0
FNDA:0,(anonymous_0)
FNDA:0,(anonymous_1)
FNDA:0,(anonymous_2)
FNDA:0,(anonymous_3)
FNDA:0,(anonymous_4)
FNDA:0,(anonymous_5)
FNDA:0,(anonymous_6)
FNDA:0,(anonymous_7)
FNDA:0,(anonymous_8)
FNDA:0,(anonymous_9)
DA:1,0
DA:2,0
DA:3,0
DA:4,0
DA:5,0
DA:22,0
DA:23,0
DA:25,0
DA:26,0
DA:33,0
DA:36,0
DA:37,0
DA:38,0
DA:46,0
DA:53,0
DA:56,0
DA:57,0
DA:61,0
DA:62,0
DA:63,0
DA:64,0
DA:67,0
DA:84,0
DA:86,0
DA:87,0
DA:88,0
DA:92,0
DA:99,0
DA:100,0
DA:114,0
DA:115,0
DA:117,0
DA:118,0
DA:125,0
DA:128,0
DA:129,0
DA:137,0
DA:151,0
DA:152,0
DA:153,0
DA:157,0
DA:158,0
DA:159,0
DA:163,0
DA:164,0
DA:165,0
DA:169,0
DA:170,0
DA:171,0
DA:176,0
DA:178,0
DA:185,0
DA:186,0
DA:199,0
DA:200,0
DA:202,0
DA:203,0
DA:217,0
DA:226,0
DA:242,0
DA:249,0
DA:264,0
DA:276,0
DA:277,0
DA:291,0
DA:292,0
DA:294,0
DA:295,0
DA:303,0
DA:304,0
DA:311,0
DA:313,0
DA:314,0
DA:324,0
DA:326,0
DA:327,0
DA:328,0
DA:329,0
DA:331,0
DA:338,0
DA:339,0
DA:340,0
DA:341,0
DA:344,0
DA:350,0
DA:351,0
DA:352,0
DA:353,0
DA:354,0
DA:356,0
DA:368,0
DA:380,0
DA:381,0
DA:389,0
LF:94
LH:0
BRDA:25,0,0,0
BRDA:25,0,1,0
BRDA:33,1,0,0
BRDA:33,2,0,0
BRDA:33,3,0,0
BRDA:37,4,0,0
BRDA:37,4,1,0
BRDA:56,5,0,0
BRDA:56,5,1,0
BRDA:85,6,0,0
BRDA:85,6,1,0
BRDA:102,7,0,0
BRDA:102,7,1,0
BRDA:117,8,0,0
BRDA:117,8,1,0
BRDA:125,9,0,0
BRDA:125,10,0,0
BRDA:128,11,0,0
BRDA:128,11,1,0
BRDA:151,12,0,0
BRDA:151,12,1,0
BRDA:157,13,0,0
BRDA:157,13,1,0
BRDA:163,14,0,0
BRDA:163,14,1,0
BRDA:169,15,0,0
BRDA:169,15,1,0
BRDA:188,16,0,0
BRDA:188,16,1,0
BRDA:202,17,0,0
BRDA:202,17,1,0
BRDA:242,18,0,0
BRDA:242,18,1,0
BRDA:250,19,0,0
BRDA:250,19,1,0
BRDA:260,20,0,0
BRDA:260,20,1,0
BRDA:266,21,0,0
BRDA:266,21,1,0
BRDA:267,22,0,0
BRDA:267,22,1,0
BRDA:279,23,0,0
BRDA:279,23,1,0
BRDA:294,24,0,0
BRDA:294,24,1,0
BRDA:303,25,0,0
BRDA:303,25,1,0
BRDA:311,26,0,0
BRDA:311,27,0,0
BRDA:313,28,0,0
BRDA:313,28,1,0
BRDA:324,29,0,0
BRDA:324,29,1,0
BRDA:383,30,0,0
BRDA:383,30,1,0
BRF:55
BRH:0
end_of_record
TN:
SF:middleware/auth.js
FN:4,(anonymous_0)
FN:39,(anonymous_1)
FN:40,(anonymous_2)
FNF:3
FNH:0
FNDA:0,(anonymous_0)
FNDA:0,(anonymous_1)
FNDA:0,(anonymous_2)
DA:1,0
DA:2,0
DA:4,0
DA:5,0
DA:6,0
DA:8,0
DA:9,0
DA:16,0
DA:17,0
DA:19,0
DA:20,0
DA:21,0
DA:28,0
DA:29,0
DA:31,0
DA:39,0
DA:40,0
DA:41,0
DA:42,0
DA:49,0
DA:50,0
DA:57,0
DA:61,0
LF:23
LH:0
BRDA:8,0,0,0
BRDA:8,0,1,0
BRDA:8,1,0,0
BRDA:8,1,1,0
BRDA:20,2,0,0
BRDA:20,2,1,0
BRDA:41,3,0,0
BRDA:41,3,1,0
BRDA:49,4,0,0
BRDA:49,4,1,0
BRF:10
BRH:0
end_of_record
TN:
SF:middleware/errorHandler.js
FN:3,(anonymous_0)
FN:25,(anonymous_1)
FN:37,(anonymous_2)
FNF:3
FNH:0
FNDA:0,(anonymous_0)
FNDA:0,(anonymous_1)
FNDA:0,(anonymous_2)
DA:1,0
DA:3,0
DA:5,0
DA:6,0
DA:14,0
DA:15,0
DA:16,0
DA:17,0
DA:18,0
DA:20,0
DA:21,0
DA:25,0
DA:26,0
DA:27,0
DA:30,0
DA:31,0
DA:32,0
DA:36,0
DA:37,0
DA:42,0
DA:44,0
DA:54,0
DA:55,0
DA:56,0
DA:58,0
DA:67,0
DA:68,0
DA:70,0
DA:79,0
DA:80,0
DA:82,0
DA:90,0
DA:91,0
DA:93,0
DA:102,0
DA:103,0
DA:105,0
DA:114,0
DA:115,0
DA:117,0
DA:126,0
DA:127,0
DA:130,0
DA:131,0
DA:133,0
DA:142,0
LF:46
LH:0
BRDA:17,0,0,0
BRDA:17,0,1,0
BRDA:20,1,0,0
BRDA:20,1,1,0
BRDA:20,2,0,0
BRDA:20,2,1,0
BRDA:26,3,0,0
BRDA:26,3,1,0
BRDA:36,4,0,0
BRDA:36,4,1,0
BRDA:54,5,0,0
BRDA:54,5,1,0
BRDA:67,6,0,0
BRDA:67,6,1,0
BRDA:79,7,0,0
BRDA:79,7,1,0
BRDA:90,8,0,0
BRDA:90,8,1,0
BRDA:102,9,0,0
BRDA:102,9,1,0
BRDA:114,10,0,0
BRDA:114,10,1,0
BRDA:117,11,0,0
BRDA:117,11,1,0
BRDA:118,12,0,0
BRDA:118,12,1,0
BRDA:120,13,0,0
BRDA:120,13,1,0
BRDA:130,14,0,0
BRDA:130,14,1,0
BRDA:131,15,0,0
BRDA:131,15,1,0
BRDA:138,16,0,0
BRDA:138,16,1,0
BRF:34
BRH:0
end_of_record
TN:
SF:models/Customer.js
FN:4,(anonymous_0)
FN:37,(anonymous_1)
FN:60,(anonymous_2)
FN:68,(anonymous_3)
FN:81,(anonymous_4)
FNF:5
FNH:0
FNDA:0,(anonymous_0)
FNDA:0,(anonymous_1)
FNDA:0,(anonymous_2)
FNDA:0,(anonymous_3)
FNDA:0,(anonymous_4)
DA:1,0
DA:4,0
DA:5,0
DA:8,0
DA:11,0
DA:12,0
DA:16,0
DA:19,0
DA:38,0
DA:60,0
DA:61,0
DA:62,0
DA:64,0
DA:68,0
DA:69,0
DA:70,0
DA:71,0
DA:73,0
DA:74,0
DA:76,0
DA:80,0
DA:82,0
DA:83,0
DA:84,0
DA:85,0
DA:89,0
LF:26
LH:0
BRDA:5,0,0,0
BRDA:5,0,1,0
BRDA:11,1,0,0
BRDA:11,1,1,0
BRDA:11,2,0,0
BRDA:11,2,1,0
BRDA:16,3,0,0
BRDA:16,3,1,0
BRDA:61,4,0,0
BRDA:61,4,1,0
BRDA:70,5,0,0
BRDA:70,5,1,0
BRDA:73,6,0,0
BRDA:73,6,1,0
BRDA:73,7,0,0
BRDA:73,7,1,0
BRF:16
BRH:0
end_of_record
TN:
SF:models/InventoryDrop.js
FN:148,(anonymous_0)
FN:154,(anonymous_1)
FN:159,(anonymous_2)
FN:166,(anonymous_3)
FN:171,(anonymous_4)
FN:178,(anonymous_5)
FN:198,(anonymous_6)
FN:203,(anonymous_7)
FN:220,(anonymous_8)
FN:229,(anonymous_9)
FN:291,(anonymous_10)
FN:335,(anonymous_11)
FNF:12
FNH:0
FNDA:0,(anonymous_0)
FNDA:0,(anonymous_1)
FNDA:0,(anonymous_2)
FNDA:0,(anonymous_3)
FNDA:0,(anonymous_4)
FNDA:0,(anonymous_5)
FNDA:0,(anonymous_6)
FNDA:0,(anonymous_7)
FNDA:0,(anonymous_8)
FNDA:0,(anonymous_9)
FNDA:0,(anonymous_10)
FNDA:0,(anonymous_11)
DA:1,0
DA:3,0
DA:141,0
DA:142,0
DA:143,0
DA:144,0
DA:145,0
DA:148,0
DA:149,0
DA:150,0
DA:154,0
DA:155,0
DA:159,0
DA:160,0
DA:161,0
DA:162,0
DA:166,0
DA:167,0
DA:171,0
DA:172,0
DA:173,0
DA:174,0
DA:178,0
DA:180,0
DA:183,0
DA:185,0
DA:186,0
DA:189,0
DA:190,0
DA:191,0
DA:194,0
DA:198,0
DA:199,0
DA:203,0
DA:204,0
DA:205,0
DA:208,0
DA:209,0
DA:210,0
DA:211,0
DA:212,0
DA:214,0
DA:218,0
DA:221,0
DA:222,0
DA:223,0
DA:224,0
DA:229,0
DA:230,0
DA:236,0
DA:237,0
DA:239,0
DA:240,0
DA:242,0
DA:243,0
DA:246,0
DA:291,0
DA:292,0
DA:293,0
DA:295,0
DA:296,0
DA:298,0
DA:335,0
DA:336,0
DA:342,0
DA:343,0
DA:346,0
DA:352,0
DA:354,0
LF:69
LH:0
BRDA:149,0,0,0
BRDA:149,0,1,0
BRDA:155,1,0,0
BRDA:155,1,1,0
BRDA:155,1,2,0
BRDA:160,2,0,0
BRDA:160,2,1,0
BRDA:172,3,0,0
BRDA:172,3,1,0
BRDA:183,4,0,0
BRDA:183,4,1,0
BRDA:185,5,0,0
BRDA:185,5,1,0
BRDA:199,6,0,0
BRDA:199,6,1,0
BRDA:199,6,2,0
BRDA:203,7,0,0
BRDA:204,8,0,0
BRDA:204,8,1,0
BRDA:229,9,0,0
BRDA:236,10,0,0
BRDA:236,10,1,0
BRDA:239,11,0,0
BRDA:239,11,1,0
BRDA:242,12,0,0
BRDA:242,12,1,0
BRDA:335,13,0,0
BRDA:342,14,0,0
BRDA:342,14,1,0
BRF:29
BRH:0
end_of_record
TN:
SF:models/PasswordResetToken.js
FN:17,(anonymous_0)
FN:28,(anonymous_1)
FNF:2
FNH:0
FNDA:0,(anonymous_0)
FNDA:0,(anonymous_1)
DA:1,0
DA:3,0
DA:17,0
DA:24,0
DA:27,0
DA:29,0
DA:30,0
DA:31,0
DA:32,0
DA:36,0
LF:10
LH:0
BRF:0
BRH:0
end_of_record
TN:
SF:models/PendingSeller.js
FN:29,(anonymous_0)
FN:40,(anonymous_1)
FN:54,(anonymous_2)
FNF:3
FNH:0
FNDA:0,(anonymous_0)
FNDA:0,(anonymous_1)
FNDA:0,(anonymous_2)
DA:1,0
DA:3,0
DA:31,0
DA:32,0
DA:35,0
DA:41,0
DA:53,0
DA:55,0
DA:56,0
DA:57,0
DA:58,0
DA:62,0
LF:12
LH:0
BRDA:31,0,0,0
BRDA:31,0,1,0
BRDA:41,1,0,0
BRDA:41,1,1,0
BRF:4
BRH:0
end_of_record
TN:
SF:models/Product.js
FN:32,(anonymous_0)
FN:39,(anonymous_1)
FNF:2
FNH:0
FNDA:0,(anonymous_0)
FNDA:0,(anonymous_1)
DA:1,0
DA:3,0
DA:32,0
DA:33,0
DA:37,0
DA:40,0
DA:41,0
DA:42,0
DA:43,0
DA:44,0
DA:48,0
LF:11
LH:0
BRF:0
BRH:0
end_of_record
TN:
SF:models/Sale.js
FN:78,(anonymous_0)
FNF:1
FNH:0
FNDA:0,(anonymous_0)
DA:1,0
DA:3,0
DA:77,0
DA:79,0
DA:80,0
DA:81,0
DA:82,0
DA:86,0
LF:8
LH:0
BRF:0
BRH:0
end_of_record
TN:
SF:models/Seller.js
FN:41,(anonymous_0)
FN:52,(anonymous_1)
FN:67,(anonymous_2)
FN:80,(anonymous_3)
FN:86,(anonymous_4)
FNF:5
FNH:0
FNDA:0,(anonymous_0)
FNDA:0,(anonymous_1)
FNDA:0,(anonymous_2)
FNDA:0,(anonymous_3)
FNDA:0,(anonymous_4)
DA:1,0
DA:2,0
DA:4,0
DA:43,0
DA:44,0
DA:47,0
DA:53,0
DA:67,0
DA:68,0
DA:70,0
DA:71,0
DA:72,0
DA:73,0
DA:75,0
DA:80,0
DA:81,0
DA:85,0
DA:87,0
DA:88,0
DA:89,0
DA:90,0
DA:91,0
DA:95,0
LF:23
LH:0
BRDA:43,0,0,0
BRDA:43,0,1,0
BRDA:53,1,0,0
BRDA:53,1,1,0
BRDA:68,2,0,0
BRDA:68,2,1,0
BRF:6
BRH:0
end_of_record
TN:
SF:routes/auth.js
FNF:0
FNH:0
DA:1,0
DA:2,0
DA:3,0
DA:4,0
DA:11,0
DA:14,0
DA:15,0
DA:16,0
DA:17,0
DA:20,0
DA:26,0
LF:11
LH:0
BRF:0
BRH:0
end_of_record
TN:
SF:routes/customers.js
FNF:0
FNH:0
DA:1,0
DA:2,0
DA:3,0
DA:4,0
DA:13,0
DA:16,0
DA:19,0
DA:20,0
DA:21,0
DA:22,0
DA:23,0
DA:26,0
DA:28,0
LF:13
LH:0
BRF:0
BRH:0
end_of_record
TN:
SF:routes/inventoryDrops.js
FNF:0
FNH:0
DA:1,0
DA:2,0
DA:3,0
DA:11,0
DA:13,0
DA:16,0
DA:22,0
DA:60,0
DA:79,0
DA:123,0
DA:139,0
DA:171,0
DA:182,0
LF:13
LH:0
BRF:0
BRH:0
end_of_record
TN:
SF:routes/products.js
FNF:0
FNH:0
DA:1,0
DA:2,0
DA:3,0
DA:4,0
DA:10,0
DA:13,0
DA:16,0
DA:17,0
DA:18,0
DA:19,0
DA:21,0
LF:11
LH:0
BRF:0
BRH:0
end_of_record
TN:
SF:routes/reporting.js
FNF:0
FNH:0
DA:1,0
DA:2,0
DA:3,0
DA:7,0
DA:10,0
DA:21,0
DA:35,0
DA:37,0
LF:8
LH:0
BRF:0
BRH:0
end_of_record
TN:
SF:routes/sales.js
FNF:0
FNH:0
DA:1,0
DA:2,0
DA:3,0
DA:4,0
DA:12,0
DA:15,0
DA:18,0
DA:19,0
DA:20,0
DA:21,0
DA:24,0
DA:26,0
LF:12
LH:0
BRF:0
BRH:0
end_of_record
TN:
SF:routes/sellers.js
FNF:0
FNH:0
DA:1,0
DA:2,0
DA:3,0
DA:4,0
DA:11,0
DA:14,0
DA:17,0
DA:20,0
DA:28,0
DA:35,0
DA:43,0
DA:48,0
LF:12
LH:0
BRF:0
BRH:0
end_of_record
TN:
SF:routes/testDataRoutes.js
FNF:0
FNH:0
DA:1,0
DA:2,0
DA:5,0
DA:13,0
DA:26,0
DA:32,0
DA:38,0
DA:44,0
DA:46,0
LF:9
LH:0
BRF:0
BRH:0
end_of_record
TN:
SF:utils/jwt.js
FN:3,(anonymous_0)
FN:9,(anonymous_1)
FN:13,(anonymous_2)
FNF:3
FNH:0
FNDA:0,(anonymous_0)
FNDA:0,(anonymous_1)
FNDA:0,(anonymous_2)
DA:1,0
DA:3,0
DA:4,0
DA:9,0
DA:10,0
DA:13,0
DA:14,0
DA:15,0
DA:16,0
DA:17,0
DA:19,0
DA:22,0
LF:12
LH:0
BRF:0
BRH:0
end_of_record
TN:
SF:utils/validation.js
FN:225,(anonymous_0)
FN:231,(anonymous_1)
FNF:2
FNH:0
FNDA:0,(anonymous_0)
FNDA:0,(anonymous_1)
DA:1,0
DA:4,0
DA:7,0
DA:225,0
DA:226,0
DA:227,0
DA:228,0
DA:231,0
DA:238,0
DA:241,0
LF:10
LH:0
BRDA:227,0,0,0
BRDA:227,0,1,0
BRF:2
BRH:0
end_of_record
